
Options ResourceUsage=yes UseNutmegFormat=no TopDesignName="C:\dc_simulations\LNA_CIRCUITS_prj\networks\TRACER_CURVER_LNA"
define LNA_1_DC_ANALYSIS ( _net18  _net186  _net131 ) 
parameters  beta=100 
L:L8  _net227 _net229 L=120 nH Noise=yes  
"BJTM1":BJT1  _net227 _net208 0 Mode=1 Noise=yes 
model BJTM1 BJT NPN=1 PNP=0 Bf=beta Vaf=50 Ise=0.02 pA Lateral=0 RbModel=0 Approxqb=1 
C:C2  0 _net191 C=0.35 pF 
C:C3  _net227 _net190 C=10 pF 
L:L7  _net190 _net186 L=27.1 nH R=6 Noise=yes  
C:C4  0 _net190 C=0.22 pF 
R:R2  _net131 _net229 R=590 Ohm Noise=yes 
L:L5  _net208 _net92 L=120 nH Noise=yes  
R:R1  _net229 _net92 R=56 kOhm Noise=yes 
C:C1  _net191 _net208 C=10 pF 
L:L4  _net18 _net191 L=18.3 nH R=12.0 Noise=yes  
end LNA_1_DC_ANALYSIS
LNA_1_DC_ANALYSIS:Q2  _net29 _net30 0 beta=100 
ParamSweep:Sweep1 SimInstanceName[1]="DC1" StatusLevel=2 SweepVar="IBB" SweepPlan="Sweep1_stim" 

SweepPlan: Sweep1_stim Start=20 uA Stop=100 uA Step=10 uA 

DC:DC1 StatusLevel=2 DevOpPtLevel=0 UseFiniteDiff=no PrintOpPoint=no Restart=1 \
SweepVar="VCE" SweepPlan="DC1_stim" OutputPlan="DC1_Output" 

SweepPlan: DC1_stim Start=0 Stop=5 Step=0.1 

OutputPlan:DC1_Output \
      Type="Output" \
      UseNodeNestLevel=yes \
      NodeNestLevel=2 \
      UseEquationNestLevel=yes \
      EquationNestLevel=2 \
      UseSavedEquationNestLevel=yes \
      SavedEquationNestLevel=2 \
      UseDeviceCurrentNestLevel=no \
      DeviceCurrentNestLevel=0

Short:IC  _net27 _net29 Mode=0 SaveCurrent=yes 
V_Source:SRC1  _net27 0 Type="V_DC" Vdc=VCE SaveCurrent=1 
I_Source:SRC2  0 _net30 Type="I_DC" Idc=IBB 

VCE =0 V
IBB =0 A

;#@# autodisplay="BJT_curve_tracer"
