
Options ResourceUsage=yes UseNutmegFormat=no TopDesignName="C:\dc_simulations\DC_SIM_2_prj\networks\DC_SIM_KESSIS"
define DC_SIM_TEST_KESI ( _net341  _net232  _net268 ) 
parameters  beta=160 
L:L5  _net459 _net463 L=120 nH Noise=yes  
C:C1  0 _net462 C=400 pF 
L:L4  _net462 _net452 L=320 nH R=.01 Noise=yes  
R:RB  _net459 _net462 R=50 kOhm Noise=yes 
L:L6  _net463 _net370 L=120 pH Noise=yes  
L:L7  _net341 _net463 L=320 nH Noise=yes  
R:RL  _net331 _net330 R=590 Ohm Noise=yes 
C:C2  0 _net370 C=120 pF 
L:L3  _net266 _net268 L=320 nH Noise=yes  
L:L1  _net232 _net462 L=320 nH R=.01 Noise=yes  
model BJTM1 BJT NPN=1 PNP=0 Bf=beta Vaf=50 Ise=0.02 pA Lateral=0 RbModel=0 Approxqb=1 
"BJTM1":BJT1  _net370 _net452 _net266 Mode=1 Noise=yes 
end DC_SIM_TEST_KESI
DC:DC1 StatusLevel=2 DevOpPtLevel=0 UseFiniteDiff=no PrintOpPoint=no Restart=1 \
SweepVar="VCE" SweepPlan="DC1_stim" OutputPlan="DC1_Output" 

SweepPlan: DC1_stim Start=0 Stop=2.5 Step=0.1 

OutputPlan:DC1_Output \
      Type="Output" \
      UseNodeNestLevel=yes \
      NodeNestLevel=2 \
      UseEquationNestLevel=yes \
      EquationNestLevel=2 \
      UseSavedEquationNestLevel=yes \
      SavedEquationNestLevel=2 \
      UseDeviceCurrentNestLevel=no \
      DeviceCurrentNestLevel=0

DC_SIM_TEST_KESI:Q1  _net12 VBE 0 beta=160 
Short:IC  _net7 _net12 Mode=0 SaveCurrent=yes 
V_Source:SRC1  _net7 0 Type="V_DC" Vdc=VCE SaveCurrent=1 
I_Source:SRC2  0 VBE Type="I_DC" Idc=IBB 

VCE =0 V
IBB =0 A
ParamSweep:Sweep1 SimInstanceName[1]="DC1" StatusLevel=2 SweepVar="IBB" SweepPlan="Sweep1_stim" 

SweepPlan: Sweep1_stim Start=20 uA Stop=100 uA Step=10 uA 


;#@# autodisplay="BJT_curve_tracer"
